[12380:34840:0417/140556.732:WARNING:chrome_main_delegate.cc(745)] This is Chrome version 128.0.6613.138 (not a warning)
[12380:6384:0417/140556.793:ERROR:google_update_settings.cc(265)] Failed opening key Software\Chromium to set usagestats; result: 5
[12380:34840:0417/140556.833:WARNING:account_consistency_mode_manager.cc(77)] Desktop Identity Consistency cannot be enabled as no OAuth client ID and client secret have been configured.
[12380:34840:0417/140602.922:WARNING:browser_info.cc(345)] Returning a speculative frame for [9,5]
[12380:34840:0417/140602.923:WARNING:browser_info.cc(345)] Returning a speculative frame for [9,5]
[12380:34840:0417/140602.923:WARNING:browser_info.cc(345)] Returning a speculative frame for [9,5]
[12380:34840:0417/140602.924:WARNING:browser_info.cc(345)] Returning a speculative frame for [9,5]
[12380:9920:0417/140602.992:WARNING:browser_info.cc(345)] Returning a speculative frame for [9,5]
[12380:9920:0417/140603.993:ERROR:cast_crl.cc(443)] CRL - Verification failed.
[23120:28536:0417/140613.285:WARNING:codec.cc(525)] Explicitly added H264 constrained baseline to list of supported formats.
[23120:28536:0417/140613.486:WARNING:codec.cc(525)] Explicitly added H264 constrained baseline to list of supported formats.
[23120:1700:0417/140613.494:WARNING:codec.cc(525)] Explicitly added H264 constrained baseline to list of supported formats.
[23120:1700:0417/140613.494:WARNING:codec.cc(525)] Explicitly added H264 constrained baseline to list of supported formats.
[23120:1700:0417/140613.495:WARNING:codec.cc(525)] Explicitly added H264 constrained baseline to list of supported formats.
[31360:33104:0417/140613.544:WARNING:host_resolver_dns_task.cc(863)] Address list empty after RFC3484 sort
[31360:33104:0417/140613.546:WARNING:host_resolver_dns_task.cc(863)] Address list empty after RFC3484 sort
[31360:33104:0417/140613.548:ERROR:socket_manager.cc(147)] Failed to resolve address for stun.cloudflare.com., errorcode: -105
[31360:33104:0417/140613.548:ERROR:socket_manager.cc(147)] Failed to resolve address for stun.cloudflare.com., errorcode: -105
[31360:33104:0417/140613.548:ERROR:socket_manager.cc(147)] Failed to resolve address for stun.cloudflare.com., errorcode: -105
[31360:33104:0417/140613.548:ERROR:socket_manager.cc(147)] Failed to resolve address for stun.l.google.com., errorcode: -105
[31360:33104:0417/140613.548:ERROR:socket_manager.cc(147)] Failed to resolve address for stun.l.google.com., errorcode: -105
[31360:33104:0417/140613.548:ERROR:socket_manager.cc(147)] Failed to resolve address for stun.l.google.com., errorcode: -105
[23120:1700:0417/140613.548:WARNING:stun_port.cc(442)] Port[2266800:0:1:0:host:Net[any:0:0:0:x:x:x:x:x/0:Wildcard:id=0]]: StunPort: stun host lookup received error -1
[23120:1700:0417/140613.548:WARNING:stun_port.cc(442)] Port[2267000:1:1:0:host:Net[any:0:0:0:x:x:x:x:x/0:Wildcard:id=0]]: StunPort: stun host lookup received error -1
[23120:1700:0417/140613.548:WARNING:stun_port.cc(442)] Port[2267800:2:1:0:host:Net[any:0:0:0:x:x:x:x:x/0:Wildcard:id=0]]: StunPort: stun host lookup received error -1
[23120:1700:0417/140613.548:WARNING:stun_port.cc(442)] Port[2266800:0:1:0:host:Net[any:0:0:0:x:x:x:x:x/0:Wildcard:id=0]]: StunPort: stun host lookup received error -1
[23120:1700:0417/140613.548:WARNING:stun_port.cc(442)] Port[2267000:1:1:0:host:Net[any:0:0:0:x:x:x:x:x/0:Wildcard:id=0]]: StunPort: stun host lookup received error -1
[23120:1700:0417/140613.548:WARNING:stun_port.cc(442)] Port[2267800:2:1:0:host:Net[any:0:0:0:x:x:x:x:x/0:Wildcard:id=0]]: StunPort: stun host lookup received error -1
[36856:20016:0417/140822.978:WARNING:frame_impl.cc(430)] virtual CefFrameImpl::SendProcessMessage sent to detached frame 6-0E724325AB5D06E3B3F864FB32ADA8E2 will be ignored
[21272:20744:0417/140823.040:ERROR:shared_image_manager.cc(224)] SharedImageManager::ProduceSkia: Trying to Produce a Skia representation from a non-existent mailbox.
[21272:20744:0417/140823.041:ERROR:shared_image_manager.cc(224)] SharedImageManager::ProduceSkia: Trying to Produce a Skia representation from a non-existent mailbox.
[12380:34840:0417/142201.834:WARNING:pref_notifier_impl.cc(41)] Pref observer for media_router.cast_allow_all_ips found at shutdown.
